<?xml version="1.0" encoding="UTF-8"?>
<!-- Generated by org.testng.reporters.JUnitReportReporter -->
<testsuite skipped="0" hostname="Manideep-PC" name="qaclickacademy.mavenjava.restAPITest" tests="2" failures="0" timestamp="2020-10-28T17:21:41 PDT" time="0.005" errors="0">
  <testcase name="deletetwitter" time="0.002" classname="qaclickacademy.mavenjava.restAPITest"/>
  <system-out/>
  <testcase name="postjira" time="0.003" classname="qaclickacademy.mavenjava.restAPITest"/>
  <system-out/>
</testsuite> <!-- qaclickacademy.mavenjava.restAPITest -->
