<?xml version="1.0" encoding="UTF-8"?>
<!-- Generated by org.testng.reporters.JUnitReportReporter -->
<testsuite skipped="0" hostname="Manideep-PC" name="qaclickacademy.mavenjava.seleniumTest" tests="2" failures="0" timestamp="2020-10-02T18:29:51 PDT" time="0.001" errors="0">
  <testcase name="elementsui" time="0.001" classname="qaclickacademy.mavenjava.seleniumTest"/>
  <system-out/>
  <testcase name="browserautomation" time="0.000" classname="qaclickacademy.mavenjava.seleniumTest"/>
  <system-out/>
</testsuite> <!-- qaclickacademy.mavenjava.seleniumTest -->
