<?xml version="1.0" encoding="UTF-8"?>
<!-- Generated by org.testng.reporters.JUnitReportReporter -->
<testsuite skipped="0" hostname="Manideep-PC" name="qaclickacademy.mavenjava.appiumTest" tests="2" failures="0" timestamp="2020-10-02T18:30:08 PDT" time="0.008" errors="0">
  <testcase name="nativeappandroid" time="0.001" classname="qaclickacademy.mavenjava.appiumTest"/>
  <system-out/>
  <testcase name="iosapps" time="0.007" classname="qaclickacademy.mavenjava.appiumTest"/>
  <system-out/>
</testsuite> <!-- qaclickacademy.mavenjava.appiumTest -->
